<?xml version="1.0" encoding="UTF-8"?>
<Site BuildName="(empty)"
	BuildStamp="20260713-1902-Experimental"
	Name="(empty)"
	Generator="ctest-4.2.3"
	CompilerName=""
	CompilerVersion=""
	OSName="Linux"
	Hostname="earthwind-MS-7E06"
	OSRelease="7.0.0-27-generic"
	OSVersion="#27-Ubuntu SMP PREEMPT_DYNAMIC Thu Jun 18 19:13:49 UTC 2026"
	OSPlatform="x86_64"
	Is64Bits="1"
	VendorString="GenuineIntel"
	VendorID="Intel Corporation"
	FamilyID="6"
	ModelID="183"
	ModelName="Intel(R) Core(TM) i9-14900KF"
	ProcessorCacheSize="36864"
	NumberOfLogicalCPU="32"
	NumberOfPhysicalCPU="24"
	TotalVirtualMemory="8191"
	TotalPhysicalMemory="31404"
	LogicalProcessorsPerPhysical="1"
	ProcessorClockFrequency="5700.18"
	>
	<Testing>
		<StartDateTime>Jul 14 03:02 CST</StartDateTime>
		<StartTestTime>1783969331</StartTestTime>
		<TestList/>
		<EndDateTime>Jul 14 03:02 CST</EndDateTime>
		<EndTestTime>1783969331</EndTestTime>
		<ElapsedMinutes>0</ElapsedMinutes>
	</Testing>
</Site>
